2023-12-20 21:47:43.085 [main] INFO  c.h.p.h.HNetdiscBackApplication - [logStarting,55] - Starting HNetdiscBackApplication using Java 17.0.9 on DESKTOP-VP0S2IP with PID 19436 (D:\D\Project-Workshop\Java\java-components-skill\H-netdisc\H-netdisc-back\target\classes started by HAM in D:\D\Project-Workshop\Java\java-components-skill\H-netdisc\H-netdisc-back)
2023-12-20 21:47:43.088 [main] INFO  c.h.p.h.HNetdiscBackApplication - [logStartupProfileInfo,635] - No active profile set, falling back to default profiles: default
2023-12-20 21:47:43.655 [main] WARN  o.s.c.a.ClassPathScanningCandidateComponentProvider - [doScan,166] - No MyBatis mapper was found in '[com.hbx.project.hnetdiscback]' package. Please check your configuration.
2023-12-20 21:47:44.344 [main] INFO  o.a.c.h.Http11NioProtocol - [log,173] - Initializing ProtocolHandler ["http-nio-7090"]
2023-12-20 21:47:44.345 [main] INFO  o.a.c.c.StandardService - [log,173] - Starting service [Tomcat]
2023-12-20 21:47:44.345 [main] INFO  o.a.c.c.StandardEngine - [log,173] - Starting Servlet engine: [Apache Tomcat/9.0.55]
2023-12-20 21:47:44.401 [main] INFO  o.a.c.c.C.[.[.[/] - [log,173] - Initializing Spring embedded WebApplicationContext
2023-12-20 21:47:45.076 [main] INFO  o.a.c.h.Http11NioProtocol - [log,173] - Starting ProtocolHandler ["http-nio-7090"]
2023-12-20 21:47:45.101 [main] INFO  c.h.p.h.HNetdiscBackApplication - [logStarted,61] - Started HNetdiscBackApplication in 2.641 seconds (JVM running for 4.776)
2023-12-20 21:47:55.294 [http-nio-7090-exec-1] INFO  o.a.c.c.C.[.[.[/] - [log,173] - Initializing Spring DispatcherServlet 'dispatcherServlet'
2023-12-20 22:41:04.140 [main] INFO  c.h.p.h.HNetdiscBackApplication - [logStarting,55] - Starting HNetdiscBackApplication using Java 17.0.9 on DESKTOP-VP0S2IP with PID 6264 (D:\D\Project-Workshop\Java\java-components-skill\H-netdisc\H-netdisc-back\target\classes started by HAM in D:\D\Project-Workshop\Java\java-components-skill\H-netdisc\H-netdisc-back)
2023-12-20 22:41:04.143 [main] INFO  c.h.p.h.HNetdiscBackApplication - [logStartupProfileInfo,635] - No active profile set, falling back to default profiles: default
2023-12-20 22:41:04.745 [main] WARN  o.s.c.a.ClassPathScanningCandidateComponentProvider - [doScan,166] - No MyBatis mapper was found in '[com.hbx.project.hnetdiscback]' package. Please check your configuration.
2023-12-20 22:41:05.442 [main] INFO  o.a.c.h.Http11NioProtocol - [log,173] - Initializing ProtocolHandler ["http-nio-7090"]
2023-12-20 22:41:05.443 [main] INFO  o.a.c.c.StandardService - [log,173] - Starting service [Tomcat]
2023-12-20 22:41:05.443 [main] INFO  o.a.c.c.StandardEngine - [log,173] - Starting Servlet engine: [Apache Tomcat/9.0.55]
2023-12-20 22:41:05.496 [main] INFO  o.a.c.c.C.[.[.[/] - [log,173] - Initializing Spring embedded WebApplicationContext
2023-12-20 22:41:06.141 [main] INFO  o.a.c.h.Http11NioProtocol - [log,173] - Starting ProtocolHandler ["http-nio-7090"]
2023-12-20 22:41:06.166 [main] INFO  c.h.p.h.HNetdiscBackApplication - [logStarted,61] - Started HNetdiscBackApplication in 2.615 seconds (JVM running for 3.871)
2023-12-20 22:43:05.710 [http-nio-7090-exec-1] INFO  o.a.c.c.C.[.[.[/] - [log,173] - Initializing Spring DispatcherServlet 'dispatcherServlet'
2023-12-20 22:43:06.411 [http-nio-7090-exec-1] ERROR o.a.c.c.C.[.[.[.[dispatcherServlet] - [log,175] - Servlet.service() for servlet [dispatcherServlet] in context with path [] threw exception [Request processing failed; nested exception is org.springframework.data.redis.RedisConnectionFailureException: Unable to connect to Redis; nested exception is io.lettuce.core.RedisConnectionException: Unable to connect to localhost/<unresolved>:6379] with root cause
java.net.ConnectException: Connection refused: no further information
	at java.base/sun.nio.ch.Net.pollConnect(Native Method)
	at java.base/sun.nio.ch.Net.pollConnectNow(Net.java:672)
	at java.base/sun.nio.ch.SocketChannelImpl.finishConnect(SocketChannelImpl.java:946)
	at io.netty.channel.socket.nio.NioSocketChannel.doFinishConnect(NioSocketChannel.java:330)
	at io.netty.channel.nio.AbstractNioChannel$AbstractNioUnsafe.finishConnect(AbstractNioChannel.java:334)
	at io.netty.channel.nio.NioEventLoop.processSelectedKey(NioEventLoop.java:707)
	at io.netty.channel.nio.NioEventLoop.processSelectedKeysOptimized(NioEventLoop.java:655)
	at io.netty.channel.nio.NioEventLoop.processSelectedKeys(NioEventLoop.java:581)
	at io.netty.channel.nio.NioEventLoop.run(NioEventLoop.java:493)
	at io.netty.util.concurrent.SingleThreadEventExecutor$4.run(SingleThreadEventExecutor.java:986)
	at io.netty.util.internal.ThreadExecutorMap$2.run(ThreadExecutorMap.java:74)
	at io.netty.util.concurrent.FastThreadLocalRunnable.run(FastThreadLocalRunnable.java:30)
	at java.base/java.lang.Thread.run(Thread.java:842)
2023-12-20 22:43:40.127 [http-nio-7090-exec-4] WARN  o.s.c.a.ClassPathScanningCandidateComponentProvider - [doScan,166] - No MyBatis mapper was found in '[com.hbx.project.hnetdiscback.mapper]' package. Please check your configuration.
2023-12-20 22:43:40.150 [http-nio-7090-exec-4] ERROR o.a.c.c.C.[.[.[.[dispatcherServlet] - [log,175] - Servlet.service() for servlet [dispatcherServlet] in context with path [] threw exception [Request processing failed; nested exception is org.springframework.data.redis.RedisConnectionFailureException: Unable to connect to Redis; nested exception is io.lettuce.core.RedisConnectionException: Unable to connect to localhost/<unresolved>:6379] with root cause
java.net.ConnectException: Connection refused: no further information
	at java.base/sun.nio.ch.Net.pollConnect(Native Method)
	at java.base/sun.nio.ch.Net.pollConnectNow(Net.java:672)
	at java.base/sun.nio.ch.SocketChannelImpl.finishConnect(SocketChannelImpl.java:946)
	at io.netty.channel.socket.nio.NioSocketChannel.doFinishConnect(NioSocketChannel.java:330)
	at io.netty.channel.nio.AbstractNioChannel$AbstractNioUnsafe.finishConnect(AbstractNioChannel.java:334)
	at io.netty.channel.nio.NioEventLoop.processSelectedKey(NioEventLoop.java:707)
	at io.netty.channel.nio.NioEventLoop.processSelectedKeysOptimized(NioEventLoop.java:655)
	at io.netty.channel.nio.NioEventLoop.processSelectedKeys(NioEventLoop.java:581)
	at io.netty.channel.nio.NioEventLoop.run(NioEventLoop.java:493)
	at io.netty.util.concurrent.SingleThreadEventExecutor$4.run(SingleThreadEventExecutor.java:986)
	at io.netty.util.internal.ThreadExecutorMap$2.run(ThreadExecutorMap.java:74)
	at io.netty.util.concurrent.FastThreadLocalRunnable.run(FastThreadLocalRunnable.java:30)
	at java.base/java.lang.Thread.run(Thread.java:842)
2023-12-20 22:44:15.603 [http-nio-7090-exec-6] ERROR o.a.c.c.C.[.[.[.[dispatcherServlet] - [log,175] - Servlet.service() for servlet [dispatcherServlet] in context with path [] threw exception [Request processing failed; nested exception is org.springframework.data.redis.RedisConnectionFailureException: Unable to connect to Redis; nested exception is io.lettuce.core.RedisConnectionException: Unable to connect to localhost/<unresolved>:6379] with root cause
java.net.ConnectException: Connection refused: no further information
	at java.base/sun.nio.ch.Net.pollConnect(Native Method)
	at java.base/sun.nio.ch.Net.pollConnectNow(Net.java:672)
	at java.base/sun.nio.ch.SocketChannelImpl.finishConnect(SocketChannelImpl.java:946)
	at io.netty.channel.socket.nio.NioSocketChannel.doFinishConnect(NioSocketChannel.java:330)
	at io.netty.channel.nio.AbstractNioChannel$AbstractNioUnsafe.finishConnect(AbstractNioChannel.java:334)
	at io.netty.channel.nio.NioEventLoop.processSelectedKey(NioEventLoop.java:707)
	at io.netty.channel.nio.NioEventLoop.processSelectedKeysOptimized(NioEventLoop.java:655)
	at io.netty.channel.nio.NioEventLoop.processSelectedKeys(NioEventLoop.java:581)
	at io.netty.channel.nio.NioEventLoop.run(NioEventLoop.java:493)
	at io.netty.util.concurrent.SingleThreadEventExecutor$4.run(SingleThreadEventExecutor.java:986)
	at io.netty.util.internal.ThreadExecutorMap$2.run(ThreadExecutorMap.java:74)
	at io.netty.util.concurrent.FastThreadLocalRunnable.run(FastThreadLocalRunnable.java:30)
	at java.base/java.lang.Thread.run(Thread.java:842)
2023-12-20 22:45:22.678 [main] INFO  c.h.p.h.HNetdiscBackApplicationTests - [logStarting,55] - Starting HNetdiscBackApplicationTests using Java 17.0.9 on DESKTOP-VP0S2IP with PID 17792 (started by HAM in D:\D\Project-Workshop\Java\java-components-skill\H-netdisc\H-netdisc-back)
2023-12-20 22:45:22.679 [main] INFO  c.h.p.h.HNetdiscBackApplicationTests - [logStartupProfileInfo,635] - No active profile set, falling back to default profiles: default
2023-12-20 22:45:22.912 [main] WARN  o.m.s.m.ClassPathMapperScanner - [doScan,166] - No MyBatis mapper was found in '[com.hbx.project.hnetdiscback.mapper]' package. Please check your configuration.
2023-12-20 22:45:22.972 [main] WARN  o.m.s.m.ClassPathMapperScanner - [doScan,166] - No MyBatis mapper was found in '[com.hbx.project.hnetdiscback]' package. Please check your configuration.
2023-12-20 22:45:23.912 [main] INFO  c.h.p.h.HNetdiscBackApplicationTests - [logStarted,61] - Started HNetdiscBackApplicationTests in 1.425 seconds (JVM running for 1.951)
2023-12-20 22:48:25.131 [main] INFO  c.h.p.h.HNetdiscBackApplicationTests - [logStarting,55] - Starting HNetdiscBackApplicationTests using Java 17.0.9 on DESKTOP-VP0S2IP with PID 7348 (started by HAM in D:\D\Project-Workshop\Java\java-components-skill\H-netdisc\H-netdisc-back)
2023-12-20 22:48:25.133 [main] INFO  c.h.p.h.HNetdiscBackApplicationTests - [logStartupProfileInfo,635] - No active profile set, falling back to default profiles: default
2023-12-20 22:48:25.357 [main] WARN  o.m.s.m.ClassPathMapperScanner - [doScan,166] - No MyBatis mapper was found in '[com.hbx.project.hnetdiscback.mapper]' package. Please check your configuration.
2023-12-20 22:48:25.420 [main] WARN  o.m.s.m.ClassPathMapperScanner - [doScan,166] - No MyBatis mapper was found in '[com.hbx.project.hnetdiscback]' package. Please check your configuration.
2023-12-20 22:48:26.429 [main] INFO  c.h.p.h.HNetdiscBackApplicationTests - [logStarted,61] - Started HNetdiscBackApplicationTests in 1.506 seconds (JVM running for 1.986)
2023-12-20 22:49:12.458 [main] INFO  c.h.p.h.HNetdiscBackApplicationTests - [logStarting,55] - Starting HNetdiscBackApplicationTests using Java 17.0.9 on DESKTOP-VP0S2IP with PID 20140 (started by HAM in D:\D\Project-Workshop\Java\java-components-skill\H-netdisc\H-netdisc-back)
2023-12-20 22:49:12.459 [main] INFO  c.h.p.h.HNetdiscBackApplicationTests - [logStartupProfileInfo,635] - No active profile set, falling back to default profiles: default
2023-12-20 22:49:12.702 [main] WARN  o.m.s.m.ClassPathMapperScanner - [doScan,166] - No MyBatis mapper was found in '[com.hbx.project.hnetdiscback.mapper]' package. Please check your configuration.
2023-12-20 22:49:12.779 [main] WARN  o.m.s.m.ClassPathMapperScanner - [doScan,166] - No MyBatis mapper was found in '[com.hbx.project.hnetdiscback]' package. Please check your configuration.
2023-12-20 22:49:13.713 [main] INFO  c.h.p.h.HNetdiscBackApplicationTests - [logStarted,61] - Started HNetdiscBackApplicationTests in 1.456 seconds (JVM running for 1.943)
2023-12-20 22:50:35.863 [main] INFO  c.h.p.h.HNetdiscBackApplicationTests - [logStarting,55] - Starting HNetdiscBackApplicationTests using Java 17.0.9 on DESKTOP-VP0S2IP with PID 20056 (started by HAM in D:\D\Project-Workshop\Java\java-components-skill\H-netdisc\H-netdisc-back)
2023-12-20 22:50:35.864 [main] INFO  c.h.p.h.HNetdiscBackApplicationTests - [logStartupProfileInfo,635] - No active profile set, falling back to default profiles: default
2023-12-20 22:50:36.104 [main] WARN  o.m.s.m.ClassPathMapperScanner - [doScan,166] - No MyBatis mapper was found in '[com.hbx.project.hnetdiscback.mapper]' package. Please check your configuration.
2023-12-20 22:50:36.165 [main] WARN  o.m.s.m.ClassPathMapperScanner - [doScan,166] - No MyBatis mapper was found in '[com.hbx.project.hnetdiscback]' package. Please check your configuration.
2023-12-20 22:50:37.159 [main] INFO  c.h.p.h.HNetdiscBackApplicationTests - [logStarted,61] - Started HNetdiscBackApplicationTests in 1.487 seconds (JVM running for 1.965)
2023-12-20 22:51:43.123 [http-nio-7090-exec-8] ERROR o.a.c.c.C.[.[.[.[dispatcherServlet] - [log,175] - Servlet.service() for servlet [dispatcherServlet] in context with path [] threw exception [Request processing failed; nested exception is org.springframework.data.redis.RedisConnectionFailureException: Unable to connect to Redis; nested exception is io.lettuce.core.RedisConnectionException: Unable to connect to localhost/<unresolved>:6379] with root cause
java.net.ConnectException: Connection refused: no further information
	at java.base/sun.nio.ch.Net.pollConnect(Native Method)
	at java.base/sun.nio.ch.Net.pollConnectNow(Net.java:672)
	at java.base/sun.nio.ch.SocketChannelImpl.finishConnect(SocketChannelImpl.java:946)
	at io.netty.channel.socket.nio.NioSocketChannel.doFinishConnect(NioSocketChannel.java:330)
	at io.netty.channel.nio.AbstractNioChannel$AbstractNioUnsafe.finishConnect(AbstractNioChannel.java:334)
	at io.netty.channel.nio.NioEventLoop.processSelectedKey(NioEventLoop.java:707)
	at io.netty.channel.nio.NioEventLoop.processSelectedKeysOptimized(NioEventLoop.java:655)
	at io.netty.channel.nio.NioEventLoop.processSelectedKeys(NioEventLoop.java:581)
	at io.netty.channel.nio.NioEventLoop.run(NioEventLoop.java:493)
	at io.netty.util.concurrent.SingleThreadEventExecutor$4.run(SingleThreadEventExecutor.java:986)
	at io.netty.util.internal.ThreadExecutorMap$2.run(ThreadExecutorMap.java:74)
	at io.netty.util.concurrent.FastThreadLocalRunnable.run(FastThreadLocalRunnable.java:30)
	at java.base/java.lang.Thread.run(Thread.java:842)
2023-12-20 22:51:52.721 [http-nio-7090-exec-10] ERROR o.a.c.c.C.[.[.[.[dispatcherServlet] - [log,175] - Servlet.service() for servlet [dispatcherServlet] in context with path [] threw exception [Request processing failed; nested exception is org.springframework.data.redis.RedisConnectionFailureException: Unable to connect to Redis; nested exception is io.lettuce.core.RedisConnectionException: Unable to connect to localhost/<unresolved>:6379] with root cause
java.net.ConnectException: Connection refused: no further information
	at java.base/sun.nio.ch.Net.pollConnect(Native Method)
	at java.base/sun.nio.ch.Net.pollConnectNow(Net.java:672)
	at java.base/sun.nio.ch.SocketChannelImpl.finishConnect(SocketChannelImpl.java:946)
	at io.netty.channel.socket.nio.NioSocketChannel.doFinishConnect(NioSocketChannel.java:330)
	at io.netty.channel.nio.AbstractNioChannel$AbstractNioUnsafe.finishConnect(AbstractNioChannel.java:334)
	at io.netty.channel.nio.NioEventLoop.processSelectedKey(NioEventLoop.java:707)
	at io.netty.channel.nio.NioEventLoop.processSelectedKeysOptimized(NioEventLoop.java:655)
	at io.netty.channel.nio.NioEventLoop.processSelectedKeys(NioEventLoop.java:581)
	at io.netty.channel.nio.NioEventLoop.run(NioEventLoop.java:493)
	at io.netty.util.concurrent.SingleThreadEventExecutor$4.run(SingleThreadEventExecutor.java:986)
	at io.netty.util.internal.ThreadExecutorMap$2.run(ThreadExecutorMap.java:74)
	at io.netty.util.concurrent.FastThreadLocalRunnable.run(FastThreadLocalRunnable.java:30)
	at java.base/java.lang.Thread.run(Thread.java:842)
2023-12-20 22:52:02.747 [main] INFO  c.h.p.h.HNetdiscBackApplication - [logStarting,55] - Starting HNetdiscBackApplication using Java 17.0.9 on DESKTOP-VP0S2IP with PID 8248 (D:\D\Project-Workshop\Java\java-components-skill\H-netdisc\H-netdisc-back\target\classes started by HAM in D:\D\Project-Workshop\Java\java-components-skill\H-netdisc\H-netdisc-back)
2023-12-20 22:52:02.749 [main] INFO  c.h.p.h.HNetdiscBackApplication - [logStartupProfileInfo,635] - No active profile set, falling back to default profiles: default
2023-12-20 22:52:03.113 [main] WARN  o.s.c.a.ClassPathScanningCandidateComponentProvider - [doScan,166] - No MyBatis mapper was found in '[com.hbx.project.hnetdiscback.mapper]' package. Please check your configuration.
2023-12-20 22:52:03.253 [main] WARN  o.s.c.a.ClassPathScanningCandidateComponentProvider - [doScan,166] - No MyBatis mapper was found in '[com.hbx.project.hnetdiscback]' package. Please check your configuration.
2023-12-20 22:52:03.900 [main] INFO  o.a.c.h.Http11NioProtocol - [log,173] - Initializing ProtocolHandler ["http-nio-7090"]
2023-12-20 22:52:03.900 [main] INFO  o.a.c.c.StandardService - [log,173] - Starting service [Tomcat]
2023-12-20 22:52:03.900 [main] INFO  o.a.c.c.StandardEngine - [log,173] - Starting Servlet engine: [Apache Tomcat/9.0.55]
2023-12-20 22:52:03.960 [main] INFO  o.a.c.c.C.[.[.[/] - [log,173] - Initializing Spring embedded WebApplicationContext
2023-12-20 22:52:04.587 [main] INFO  o.a.c.h.Http11NioProtocol - [log,173] - Starting ProtocolHandler ["http-nio-7090"]
2023-12-20 22:52:04.609 [main] INFO  c.h.p.h.HNetdiscBackApplication - [logStarted,61] - Started HNetdiscBackApplication in 2.374 seconds (JVM running for 3.341)
2023-12-20 22:52:09.725 [http-nio-7090-exec-1] INFO  o.a.c.c.C.[.[.[/] - [log,173] - Initializing Spring DispatcherServlet 'dispatcherServlet'
2023-12-20 23:43:11.958 [main] INFO  c.h.p.h.HNetdiscBackApplicationTests - [logStarting,55] - Starting HNetdiscBackApplicationTests using Java 17.0.9 on DESKTOP-VP0S2IP with PID 3596 (started by HAM in D:\D\Project-Workshop\Java\java-components-skill\H-netdisc\H-netdisc-back)
2023-12-20 23:43:11.959 [main] INFO  c.h.p.h.HNetdiscBackApplicationTests - [logStartupProfileInfo,635] - No active profile set, falling back to default profiles: default
2023-12-20 23:43:12.197 [main] WARN  o.m.s.m.ClassPathMapperScanner - [doScan,166] - No MyBatis mapper was found in '[com.hbx.project.hnetdiscback.mapper]' package. Please check your configuration.
2023-12-20 23:43:12.260 [main] WARN  o.m.s.m.ClassPathMapperScanner - [doScan,166] - No MyBatis mapper was found in '[com.hbx.project.hnetdiscback]' package. Please check your configuration.
2023-12-20 23:43:13.242 [main] INFO  c.h.p.h.HNetdiscBackApplicationTests - [logStarted,61] - Started HNetdiscBackApplicationTests in 1.49 seconds (JVM running for 1.965)
